16:56:12.733 [main] [32mINFO[m - Login attempt for user: testUser
16:56:12.746 [main] [33mWARN[m - User not found: testUser
16:56:13.215 [main] [32mINFO[m - Login attempt for user: testUser
16:56:13.345 [main] [33mWARN[m - Invalid password for user: testUser
16:56:13.631 [main] [32mINFO[m - Login attempt for user: testUser
16:56:13.765 [main] [32mINFO[m - Teste de logger ao fazer login
16:56:13.765 [main] [32mINFO[m - Login successful for user: testUser
16:59:14.472 [main] [32mINFO[m - Login attempt for user: testUser
16:59:14.486 [main] [33mWARN[m - User not found: testUser
16:59:14.959 [main] [32mINFO[m - Login attempt for user: testUser
16:59:15.088 [main] [33mWARN[m - Invalid password for user: testUser
16:59:15.382 [main] [32mINFO[m - Login attempt for user: testUser
16:59:15.513 [main] [32mINFO[m - Teste de logger ao fazer login
16:59:15.513 [main] [32mINFO[m - Login successful for user: testUser
15:03:07.674 [main] [32mINFO[m - Login attempt for user: testUser
15:03:07.689 [main] [33mWARN[m - User not found: testUser
15:03:08.156 [main] [32mINFO[m - Login attempt for user: testUser
15:03:08.284 [main] [33mWARN[m - Invalid password for user: testUser
15:03:08.567 [main] [32mINFO[m - Login attempt for user: testUser
15:03:08.696 [main] [32mINFO[m - Login successful for user: testUser
15:31:37.756 [main] [32mINFO[m - Login attempt for user: testUser
15:31:37.770 [main] [33mWARN[m - User not found: testUser
15:31:38.230 [main] [32mINFO[m - Login attempt for user: testUser
15:31:38.361 [main] [33mWARN[m - Invalid password for user: testUser
15:31:38.652 [main] [32mINFO[m - Login attempt for user: testUser
15:31:38.783 [main] [32mINFO[m - Login successful for user: testUser
18:01:03.700 [main] [32mINFO[m - Login attempt for user: testUser
18:01:03.713 [main] [33mWARN[m - User not found: testUser
18:01:04.174 [main] [32mINFO[m - Login attempt for user: testUser
18:01:04.304 [main] [33mWARN[m - Invalid password for user: testUser
18:01:04.588 [main] [32mINFO[m - Login attempt for user: testUser
18:01:04.716 [main] [32mINFO[m - Login successful for user: testUser
18:15:56.477 [main] [32mINFO[m - Login attempt for user: testUser
18:15:56.490 [main] [33mWARN[m - User not found: testUser
18:15:56.953 [main] [32mINFO[m - Login attempt for user: testUser
18:15:57.081 [main] [33mWARN[m - Invalid password for user: testUser
18:15:57.367 [main] [32mINFO[m - Login attempt for user: testUser
18:15:57.495 [main] [32mINFO[m - Login successful for user: testUser
11:51:01.378 [main] [32mINFO[m - Login attempt for user: testUser
11:51:01.394 [main] [33mWARN[m - User not found: testUser
11:51:01.908 [main] [32mINFO[m - Login attempt for user: testUser
11:51:02.042 [main] [33mWARN[m - Invalid password for user: testUser
11:51:02.356 [main] [32mINFO[m - Login attempt for user: testUser
11:51:02.492 [main] [32mINFO[m - Login successful for user: testUser
23:04:53.008 [main] [32mINFO[m - Login attempt for user: testUser
23:04:53.021 [main] [33mWARN[m - User not found: testUser
23:04:53.475 [main] [32mINFO[m - Login attempt for user: testUser
23:04:53.604 [main] [33mWARN[m - Invalid password for user: testUser
23:04:53.885 [main] [32mINFO[m - Login attempt for user: testUser
23:04:54.013 [main] [32mINFO[m - Login successful for user: testUser
16:21:24.430 [main] [32mINFO[m - Login attempt for user: testUser
16:21:24.445 [main] [33mWARN[m - User not found: testUser
16:21:24.900 [main] [32mINFO[m - Login attempt for user: testUser
16:21:25.028 [main] [33mWARN[m - Invalid password for user: testUser
16:21:25.314 [main] [32mINFO[m - Login attempt for user: testUser
16:21:25.443 [main] [32mINFO[m - Login successful for user: testUser
00:00:27.793 [main] [32mINFO[m - Login attempt for user: testUser
00:00:27.806 [main] [33mWARN[m - User not found: testUser
00:00:28.266 [main] [32mINFO[m - Login attempt for user: testUser
00:00:28.395 [main] [33mWARN[m - Invalid password for user: testUser
00:00:28.533 [main] [32mINFO[m - Novo token gerado: t8d1-uT7nA2Y-0LGmkcZRc2ZUis9QMZV
00:00:28.679 [main] [32mINFO[m - Login attempt for user: testUser
00:00:28.806 [main] [32mINFO[m - Novo token gerado: RFicPrF1WPxCiL4h99fkGMu72SOTIxZh
00:00:28.807 [main] [32mINFO[m - Login successful for user: testUser
00:27:13.227 [main] [32mINFO[m - Login attempt for user: testUser
00:27:13.241 [main] [33mWARN[m - User not found: testUser
00:27:13.721 [main] [32mINFO[m - Login attempt for user: testUser
00:27:13.853 [main] [33mWARN[m - Invalid password for user: testUser
00:27:13.994 [main] [32mINFO[m - Novo token gerado: U4T2u_EdMDxz_YZyn_KroPFSuOY0qa-2
00:27:14.142 [main] [32mINFO[m - Login attempt for user: testUser
00:27:14.270 [main] [32mINFO[m - Novo token gerado: qmgBpVxs6b2j3W9l-qeNAP_mqfRpYTAE
00:27:14.271 [main] [32mINFO[m - Login successful for user: testUser
03:12:44.054 [main] [32mINFO[m - Login attempt for user: testUser
03:12:44.071 [main] [33mWARN[m - User not found: testUser
03:12:44.582 [main] [32mINFO[m - Login attempt for user: testUser
03:12:44.718 [main] [33mWARN[m - Invalid password for user: testUser
03:12:44.862 [main] [32mINFO[m - Novo token gerado: uJ_T3Nme1S0QCrq9nTYHappLJ2oUu3Ag
03:12:45.025 [main] [32mINFO[m - Login attempt for user: testUser
03:12:45.157 [main] [32mINFO[m - Novo token gerado: _WoR7hT1BoEI2UyN6Ho5EcipLGRXR8Gr
03:12:45.158 [main] [32mINFO[m - Login successful for user: testUser
14:44:56.091 [main] [32mINFO[m - Login attempt for user: testUser
14:44:56.106 [main] [33mWARN[m - User not found: testUser
14:44:56.628 [main] [32mINFO[m - Login attempt for user: testUser
14:44:56.784 [main] [33mWARN[m - Invalid password for user: testUser
14:44:56.950 [main] [32mINFO[m - Novo token gerado: OlfNdAbsSx5pt-9GelrV9-coqybcc8vY
14:44:57.127 [main] [32mINFO[m - Login attempt for user: testUser
14:44:57.284 [main] [32mINFO[m - Novo token gerado: v0uRO1vhxuC9iA_n6khhL5sPas2swMPu
14:44:57.286 [main] [32mINFO[m - Login successful for user: testUser
16:34:21.931 [main] [32mINFO[m - Login attempt for user: testUser
16:34:21.948 [main] [33mWARN[m - User not found: testUser
16:34:22.430 [main] [32mINFO[m - Login attempt for user: testUser
16:34:22.559 [main] [33mWARN[m - Invalid password for user: testUser
16:34:22.702 [main] [32mINFO[m - Novo token gerado: 0c7M-0snstDou8j_f2lBGaxTIPmQlji9
16:34:22.852 [main] [32mINFO[m - Login attempt for user: testUser
16:34:22.980 [main] [32mINFO[m - Novo token gerado: QzsUsHxICbochFDPnBVyApExyzWDCj-D
16:34:22.981 [main] [32mINFO[m - Login successful for user: testUser
16:41:18.090 [main] [32mINFO[m - Login attempt for user: testUser
16:41:18.106 [main] [33mWARN[m - User not found: testUser
16:41:18.574 [main] [32mINFO[m - Login attempt for user: testUser
16:41:18.703 [main] [33mWARN[m - Invalid password for user: testUser
16:41:18.843 [main] [32mINFO[m - Novo token gerado: Lz4dgY9cuKJV9YKPT-NIkHkCw9itLCqE
16:41:18.993 [main] [32mINFO[m - Login attempt for user: testUser
16:41:19.121 [main] [32mINFO[m - Novo token gerado: 4zAK8Vf_j_kaRyipThKhXJAx8serm1Lu
16:41:19.121 [main] [32mINFO[m - Login successful for user: testUser
00:34:50.600 [main] [32mINFO[m - Login attempt for user: testUser
00:34:50.615 [main] [33mWARN[m - User not found: testUser
00:34:51.113 [main] [32mINFO[m - Login attempt for user: testUser
00:34:51.245 [main] [33mWARN[m - Invalid password for user: testUser
00:34:51.387 [main] [32mINFO[m - Novo token gerado: LbwHdNphOiR-Zf5EtC_7YC9Z2nynkSI3
00:34:51.540 [main] [32mINFO[m - Login attempt for user: testUser
00:34:51.671 [main] [32mINFO[m - Novo token gerado: ESQrufsHYFYnJTKWRQmiQIwKZ1-BhN_r
00:34:51.673 [main] [32mINFO[m - Login successful for user: testUser
00:50:50.685 [main] [32mINFO[m - Login attempt for user: testUser
00:50:50.698 [main] [33mWARN[m - User not found: testUser
00:50:51.168 [main] [32mINFO[m - Login attempt for user: testUser
00:50:51.296 [main] [33mWARN[m - Invalid password for user: testUser
00:50:51.438 [main] [32mINFO[m - Novo token gerado: Y3Ql_dr2UwCZUw6w8lXZ7ZbKajeX9MU8
00:50:51.585 [main] [32mINFO[m - Login attempt for user: testUser
00:50:51.712 [main] [32mINFO[m - Novo token gerado: _oqB-2R-tcQ36QOh7EdUGmZPHZ5exmhY
00:50:51.713 [main] [32mINFO[m - Login successful for user: testUser
01:12:46.600 [main] [32mINFO[m - Login attempt for user: testUser
01:12:46.613 [main] [33mWARN[m - User not found: testUser
01:12:47.093 [main] [32mINFO[m - Login attempt for user: testUser
01:12:47.223 [main] [33mWARN[m - Invalid password for user: testUser
01:12:47.366 [main] [32mINFO[m - Novo token gerado: RvBcsdc1gvg4C9gkKWaU9TYIi2DtTnfK
01:12:47.521 [main] [32mINFO[m - Login attempt for user: testUser
01:12:47.651 [main] [32mINFO[m - Novo token gerado: WN2jEUMErq92Mpuy7WhwqWHCS47dDmTz
01:12:47.652 [main] [32mINFO[m - Login successful for user: testUser
01:21:26.614 [main] [32mINFO[m - Login attempt for user: testUser
01:21:26.631 [main] [33mWARN[m - User not found: testUser
01:21:27.136 [main] [32mINFO[m - Login attempt for user: testUser
01:21:27.266 [main] [33mWARN[m - Invalid password for user: testUser
01:21:27.407 [main] [32mINFO[m - Novo token gerado: e_t35VmjPuUX5ebwd7X2Q2MsWjDqvlhr
01:21:27.558 [main] [32mINFO[m - Login attempt for user: testUser
01:21:27.685 [main] [32mINFO[m - Novo token gerado: XV-hzEzlX8DQwvyLOBOPW71frD2Mw-Hv
01:21:27.686 [main] [32mINFO[m - Login successful for user: testUser
01:47:43.403 [main] [32mINFO[m - Login attempt for user: testUser
01:47:43.417 [main] [33mWARN[m - User not found: testUser
01:47:43.888 [main] [32mINFO[m - Login attempt for user: testUser
01:47:44.016 [main] [33mWARN[m - Invalid password for user: testUser
01:47:44.155 [main] [32mINFO[m - Novo token gerado: _ZfGBT7uZya0u_3sbYtCXnyrq1kJlyvF
01:47:44.302 [main] [32mINFO[m - Login attempt for user: testUser
01:47:44.430 [main] [32mINFO[m - Novo token gerado: fLdbX6kAxCRho5KJkyvFJr9s9mR1BztV
01:47:44.431 [main] [32mINFO[m - Login successful for user: testUser
02:36:00.570 [main] [32mINFO[m - Login attempt for user: testUser
02:36:00.588 [main] [33mWARN[m - User not found: testUser
02:36:01.080 [main] [32mINFO[m - Login attempt for user: testUser
02:36:01.211 [main] [33mWARN[m - Invalid password for user: testUser
02:36:01.353 [main] [32mINFO[m - Novo token gerado: luWTHRFry0BRPkmFUNz2Pr6O5RiX5Y1R
02:36:01.508 [main] [32mINFO[m - Login attempt for user: testUser
02:36:01.637 [main] [32mINFO[m - Novo token gerado: F5Kowh8IO0PgXhVMKrMNTvEdJzuhrsrH
02:36:01.638 [main] [32mINFO[m - Login successful for user: testUser
02:51:04.167 [main] [32mINFO[m - Login attempt for user: testUser
02:51:04.183 [main] [33mWARN[m - User not found: testUser
02:51:04.685 [main] [32mINFO[m - Login attempt for user: testUser
02:51:04.819 [main] [33mWARN[m - Invalid password for user: testUser
02:51:04.962 [main] [32mINFO[m - Novo token gerado: nK1ycfFny7cBje6fOOkKd-Nory5_A8Bz
02:51:05.116 [main] [32mINFO[m - Login attempt for user: testUser
02:51:05.245 [main] [32mINFO[m - Novo token gerado: wwd2HLlUiLGSZMVywm6P-J9oKEnv2QC6
02:51:05.245 [main] [32mINFO[m - Login successful for user: testUser
04:35:17.618 [main] [32mINFO[m - Login attempt for user: testUser
04:35:17.635 [main] [33mWARN[m - User not found: testUser
04:35:18.113 [main] [32mINFO[m - Login attempt for user: testUser
04:35:18.241 [main] [33mWARN[m - Invalid password for user: testUser
04:35:18.382 [main] [32mINFO[m - Novo token gerado: N-4aFezzS1ELHeazyWv-n2i7-Rl_V5ih
04:35:18.534 [main] [32mINFO[m - Login attempt for user: testUser
04:35:18.663 [main] [32mINFO[m - Novo token gerado: r5kJgODrQJBO1ZPZirtdEdyJI8xvXgW2
04:35:18.663 [main] [32mINFO[m - Login successful for user: testUser
16:55:16.740 [main] [32mINFO[m - Login attempt for user: testUser
16:55:16.754 [main] [33mWARN[m - User not found: testUser
16:55:17.215 [main] [32mINFO[m - Login attempt for user: testUser
16:55:17.342 [main] [33mWARN[m - Invalid password for user: testUser
16:55:17.484 [main] [32mINFO[m - Novo token gerado: _odqd_d53L9-05s_mde_pusEpeJEQSvR
16:55:17.636 [main] [32mINFO[m - Login attempt for user: testUser
16:55:17.763 [main] [32mINFO[m - Novo token gerado: NcmDkwOfbsG-yq468WNeA_b-o_S6dEPz
16:55:17.764 [main] [32mINFO[m - Login successful for user: testUser
17:59:58.460 [main] [32mINFO[m - Login attempt for user: testUser
17:59:58.474 [main] [33mWARN[m - User not found: testUser
17:59:58.938 [main] [32mINFO[m - Login attempt for user: testUser
17:59:59.066 [main] [33mWARN[m - Invalid password for user: testUser
17:59:59.206 [main] [32mINFO[m - Novo token gerado: dyMwH8wR36nZ6T-48SsUOLga3qsrId0M
17:59:59.362 [main] [32mINFO[m - Login attempt for user: testUser
17:59:59.493 [main] [32mINFO[m - Novo token gerado: Hu150QBLZ0Po-EpVge32kQIHgpoCw7XE
17:59:59.493 [main] [32mINFO[m - Login successful for user: testUser
09:50:07.813 [main] [32mINFO[m - Login attempt for user: testUser
09:50:07.828 [main] [33mWARN[m - User not found: testUser
09:50:08.316 [main] [32mINFO[m - Login attempt for user: testUser
09:50:08.449 [main] [33mWARN[m - Invalid password for user: testUser
09:50:08.591 [main] [32mINFO[m - Novo token gerado: dBEnyxouHuKQQY7czquim-sFW9ra-m6D
09:50:08.740 [main] [32mINFO[m - Login attempt for user: testUser
09:50:08.870 [main] [32mINFO[m - Novo token gerado: JfHFRbU7tZ--TAlaMBrod8ir7-L_iwtR
09:50:08.871 [main] [32mINFO[m - Login successful for user: testUser
10:03:06.030 [main] [32mINFO[m - Login attempt for user: testUser
10:03:06.047 [main] [33mWARN[m - User not found: testUser
10:03:06.533 [main] [32mINFO[m - Login attempt for user: testUser
10:03:06.661 [main] [33mWARN[m - Invalid password for user: testUser
10:03:06.801 [main] [32mINFO[m - Novo token gerado: Y9a_V8s9NXKxd9Dqdf2CGx1JwIfssIw-
10:03:06.951 [main] [32mINFO[m - Login attempt for user: testUser
10:03:07.079 [main] [32mINFO[m - Novo token gerado: N6xh-M1wo-gmBnAvGLNR6wxWgY5uijc9
10:03:07.080 [main] [32mINFO[m - Login successful for user: testUser
10:34:57.884 [main] [32mINFO[m - Login attempt for user: testUser
10:34:57.898 [main] [33mWARN[m - User not found: testUser
10:34:58.370 [main] [32mINFO[m - Login attempt for user: testUser
10:34:58.500 [main] [33mWARN[m - Invalid password for user: testUser
10:34:58.640 [main] [32mINFO[m - Novo token gerado: oyrBPpPeSb8Jc6PUFCv9CoYE2Wspckv7
10:34:58.789 [main] [32mINFO[m - Login attempt for user: testUser
10:34:58.917 [main] [32mINFO[m - Novo token gerado: nHlCbdF53F6z-iglzXm1m6pMPR889Un1
10:34:58.918 [main] [32mINFO[m - Login successful for user: testUser
